Build started 16.09.2025 18:11:51.
Logging verbosity is set to: Normal.     1>Project "C:\Из рабочего стола\Labs 3 sem\KPO\SE_Lab16\SE_Lab16.vcxproj" on node 2 (Build target(s)).
     1>PrepareForBuild:
         Structured output is enabled. The formatting of compiler diagnostics will reflect the error hierarchy. See https://aka.ms/cpp/structured-output for more details.
       InitializeBuildStatus:
         Creating "SE_Lab16\x64\Debug\SE_Lab16.tlog\unsuccessfulbuild" because "AlwaysCreate" was specified.
         Touching "SE_Lab16\x64\Debug\SE_Lab16.tlog\unsuccessfulbuild".
       ClCompile:
         C:\Program Files\Microsoft Visual Studio\2022\Community\VC\Tools\MSVC\14.44.35207\bin\HostX64\x64\CL.exe /c /ZI /JMC /nologo /W3 /WX- /diagnostics:column /sdl /Od /D _DEBUG /D _CONSOLE /D _UNICODE /D UNICODE /Gm- /EHsc /RTC1 /MDd /GS /fp:precise /Zc:wchar_t /Zc:forScope /Zc:inline /std:c++14 /permissive- /Fo"SE_Lab16\x64\Debug\\" /Fd"SE_Lab16\x64\Debug\vc143.pdb" /external:W3 /Gd /TP /FC /errorReport:prompt FST.cpp
         FST.cpp
     1>C:\Из рабочего стола\Labs 3 sem\KPO\SE_Lab16\FST.cpp(69,19): warning C4267: 'initializing': conversion from 'size_t' to 'short', possible loss of data
       Link:
         C:\Program Files\Microsoft Visual Studio\2022\Community\VC\Tools\MSVC\14.44.35207\bin\HostX64\x64\link.exe /ERRORREPORT:PROMPT /OUT:"C:\Из рабочего стола\Labs 3 sem\KPO\SE_Lab16\x64\Debug\SE_Lab16.exe" /INCREMENTAL /ILK:"SE_Lab16\x64\Debug\SE_Lab16.ilk" /NOLOGO kernel32.lib user32.lib gdi32.lib winspool.lib comdlg32.lib advapi32.lib shell32.lib ole32.lib oleaut32.lib uuid.lib odbc32.lib odbccp32.lib /MANIFEST /MANIFESTUAC:"level='asInvoker' uiAccess='false'" /manifest:embed /DEBUG /PDB:"C:\Из рабочего стола\Labs 3 sem\KPO\SE_Lab16\x64\Debug\SE_Lab16.pdb" /SUBSYSTEM:CONSOLE /TLBID:1 /DYNAMICBASE /NXCOMPAT /IMPLIB:"C:\Из рабочего стола\Labs 3 sem\KPO\SE_Lab16\x64\Debug\SE_Lab16.lib" /MACHINE:X64 SE_Lab16\x64\Debug\FST.obj
         SE_Lab16\x64\Debug\SE_Lab16.obj
         SE_Lab16.vcxproj -> C:\Из рабочего стола\Labs 3 sem\KPO\SE_Lab16\x64\Debug\SE_Lab16.exe
       FinalizeBuildStatus:
         Deleting file "SE_Lab16\x64\Debug\SE_Lab16.tlog\unsuccessfulbuild".
         Touching "SE_Lab16\x64\Debug\SE_Lab16.tlog\SE_Lab16.lastbuildstate".
     1>Done Building Project "C:\Из рабочего стола\Labs 3 sem\KPO\SE_Lab16\SE_Lab16.vcxproj" (Build target(s)).

Build succeeded.

       "C:\Из рабочего стола\Labs 3 sem\KPO\SE_Lab16\SE_Lab16.vcxproj" (Build target) (1) ->
       (ClCompile target) -> 
         C:\Из рабочего стола\Labs 3 sem\KPO\SE_Lab16\FST.cpp(69,19): warning C4267: 'initializing': conversion from 'size_t' to 'short', possible loss of data

    1 Warning(s)
    0 Error(s)

Time Elapsed 00:00:01.42
