Build started 03.09.2025 12:48:50.
Logging verbosity is set to: Normal.     1>Project "C:\Из рабочего стола\Labs 3 sem\KPO\SE_Lab14\SE_Lab14.vcxproj" on node 2 (Build target(s)).
     1>PrepareForBuild:
         Structured output is enabled. The formatting of compiler diagnostics will reflect the error hierarchy. See https://aka.ms/cpp/structured-output for more details.
       InitializeBuildStatus:
         Creating "SE_Lab14\x64\Debug\SE_Lab14.tlog\unsuccessfulbuild" because "AlwaysCreate" was specified.
         Touching "SE_Lab14\x64\Debug\SE_Lab14.tlog\unsuccessfulbuild".
       ClCompile:
         C:\Program Files\Microsoft Visual Studio\2022\Community\VC\Tools\MSVC\14.43.34808\bin\HostX64\x64\CL.exe /c /ZI /JMC /nologo /W3 /WX- /diagnostics:column /sdl /Od /D _DEBUG /D _CONSOLE /D _UNICODE /D UNICODE /Gm- /EHsc /RTC1 /MDd /GS /fp:precise /Zc:wchar_t /Zc:forScope /Zc:inline /permissive- /Fo"SE_Lab14\x64\Debug\\" /Fd"SE_Lab14\x64\Debug\vc143.pdb" /external:W3 /Gd /TP /FC /errorReport:prompt Error.cpp In.cpp Log.cpp SE_Lab14.cpp
         Error.cpp
         In.cpp
         Log.cpp
         SE_Lab14.cpp
         Generating Code...
       Link:
         C:\Program Files\Microsoft Visual Studio\2022\Community\VC\Tools\MSVC\14.43.34808\bin\HostX64\x64\link.exe /ERRORREPORT:PROMPT /OUT:"C:\Из рабочего стола\Labs 3 sem\KPO\SE_Lab14\x64\Debug\SE_Lab14.exe" /INCREMENTAL /ILK:"SE_Lab14\x64\Debug\SE_Lab14.ilk" /NOLOGO kernel32.lib user32.lib gdi32.lib winspool.lib comdlg32.lib advapi32.lib shell32.lib ole32.lib oleaut32.lib uuid.lib odbc32.lib odbccp32.lib /MANIFEST /MANIFESTUAC:"level='asInvoker' uiAccess='false'" /manifest:embed /DEBUG /PDB:"C:\Из рабочего стола\Labs 3 sem\KPO\SE_Lab14\x64\Debug\SE_Lab14.pdb" /SUBSYSTEM:CONSOLE /TLBID:1 /DYNAMICBASE /NXCOMPAT /IMPLIB:"C:\Из рабочего стола\Labs 3 sem\KPO\SE_Lab14\x64\Debug\SE_Lab14.lib" /MACHINE:X64 SE_Lab14\x64\Debug\Error.obj
         SE_Lab14\x64\Debug\In.obj
         SE_Lab14\x64\Debug\Log.obj
         SE_Lab14\x64\Debug\Out.obj
         SE_Lab14\x64\Debug\Parm.obj
         SE_Lab14\x64\Debug\SE_Lab14.obj
         SE_Lab14.vcxproj -> C:\Из рабочего стола\Labs 3 sem\KPO\SE_Lab14\x64\Debug\SE_Lab14.exe
       FinalizeBuildStatus:
         Deleting file "SE_Lab14\x64\Debug\SE_Lab14.tlog\unsuccessfulbuild".
         Touching "SE_Lab14\x64\Debug\SE_Lab14.tlog\SE_Lab14.lastbuildstate".
     1>Done Building Project "C:\Из рабочего стола\Labs 3 sem\KPO\SE_Lab14\SE_Lab14.vcxproj" (Build target(s)).

Build succeeded.
    0 Warning(s)
    0 Error(s)

Time Elapsed 00:00:03.63
