Build started 22.09.2025 0:28:31.
Logging verbosity is set to: Normal.     1>Project "C:\Из рабочего стола\Labs 3 sem\AISD\Lab#4\Lab#4.vcxproj" on node 2 (Build target(s)).
     1>PrepareForBuild:
         Structured output is enabled. The formatting of compiler diagnostics will reflect the error hierarchy. See https://aka.ms/cpp/structured-output for more details.
       InitializeBuildStatus:
         Creating "Lab#4\x64\Debug\Lab#4.tlog\unsuccessfulbuild" because "AlwaysCreate" was specified.
         Touching "Lab#4\x64\Debug\Lab#4.tlog\unsuccessfulbuild".
       ClCompile:
         C:\Program Files\Microsoft Visual Studio\2022\Community\VC\Tools\MSVC\14.44.35207\bin\HostX64\x64\CL.exe /c /ZI /JMC /nologo /W3 /WX- /diagnostics:column /sdl /Od /D _DEBUG /D _CONSOLE /D _UNICODE /D UNICODE /Gm- /EHsc /RTC1 /MDd /GS /fp:precise /Zc:wchar_t /Zc:forScope /Zc:inline /permissive- /Fo"Lab#4\x64\Debug\\" /Fd"Lab#4\x64\Debug\vc143.pdb" /external:W3 /Gd /TP /FC /errorReport:prompt "Lab#4.cpp"
         Lab#4.cpp
     1>C:\Из рабочего стола\Labs 3 sem\AISD\Lab#4\Lab#4.cpp(6,17): warning C4244: 'initializing': conversion from 'double' to 'int', possible loss of data
       Link:
         C:\Program Files\Microsoft Visual Studio\2022\Community\VC\Tools\MSVC\14.44.35207\bin\HostX64\x64\link.exe /ERRORREPORT:PROMPT /OUT:"C:\Из рабочего стола\Labs 3 sem\AISD\Lab#4\x64\Debug\Lab#4.exe" /INCREMENTAL /ILK:"Lab#4\x64\Debug\Lab#4.ilk" /NOLOGO kernel32.lib user32.lib gdi32.lib winspool.lib comdlg32.lib advapi32.lib shell32.lib ole32.lib oleaut32.lib uuid.lib odbc32.lib odbccp32.lib /MANIFEST /MANIFESTUAC:"level='asInvoker' uiAccess='false'" /manifest:embed /DEBUG /PDB:"C:\Из рабочего стола\Labs 3 sem\AISD\Lab#4\x64\Debug\Lab#4.pdb" /SUBSYSTEM:CONSOLE /TLBID:1 /DYNAMICBASE /NXCOMPAT /IMPLIB:"C:\Из рабочего стола\Labs 3 sem\AISD\Lab#4\x64\Debug\Lab#4.lib" /MACHINE:X64 "Lab#4\x64\Debug\Lab#4.obj"
         Lab#4.vcxproj -> C:\Из рабочего стола\Labs 3 sem\AISD\Lab#4\x64\Debug\Lab#4.exe
       FinalizeBuildStatus:
         Deleting file "Lab#4\x64\Debug\Lab#4.tlog\unsuccessfulbuild".
         Touching "Lab#4\x64\Debug\Lab#4.tlog\Lab#4.lastbuildstate".
     1>Done Building Project "C:\Из рабочего стола\Labs 3 sem\AISD\Lab#4\Lab#4.vcxproj" (Build target(s)).

Build succeeded.

       "C:\Из рабочего стола\Labs 3 sem\AISD\Lab#4\Lab#4.vcxproj" (Build target) (1) ->
       (ClCompile target) -> 
         C:\Из рабочего стола\Labs 3 sem\AISD\Lab#4\Lab#4.cpp(6,17): warning C4244: 'initializing': conversion from 'double' to 'int', possible loss of data

    1 Warning(s)
    0 Error(s)

Time Elapsed 00:00:01.47
