Build started 24.09.2025 13:16:46.
Logging verbosity is set to: Normal.     1>Project "C:\Из рабочего стола\Labs 3 sem\KPO\SE_Lab17\SE_Lab17.vcxproj" on node 2 (Rebuild target(s)).
     1>_PrepareForClean:
         Deleting file "SE_Lab17\x64\Debug\SE_Lab17.tlog\SE_Lab17.lastbuildstate".
       PrepareForBuild:
         Structured output is enabled. The formatting of compiler diagnostics will reflect the error hierarchy. See https://aka.ms/cpp/structured-output for more details.
       InitializeBuildStatus:
         Creating "SE_Lab17\x64\Debug\SE_Lab17.tlog\unsuccessfulbuild" because "AlwaysCreate" was specified.
         Touching "SE_Lab17\x64\Debug\SE_Lab17.tlog\unsuccessfulbuild".
       ClCompile:
         C:\Program Files\Microsoft Visual Studio\2022\Community\VC\Tools\MSVC\14.44.35207\bin\HostX64\x64\CL.exe /c /ZI /JMC /nologo /W3 /WX- /diagnostics:column /sdl /Od /D _DEBUG /D _CONSOLE /D _UNICODE /D UNICODE /Gm- /EHsc /RTC1 /MDd /GS /fp:precise /Zc:wchar_t /Zc:forScope /Zc:inline /permissive- /Fo"SE_Lab17\x64\Debug\\" /Fd"SE_Lab17\x64\Debug\vc143.pdb" /external:W3 /Gd /TP /FC /errorReport:prompt Error.cpp In.cpp IT.cpp Log.cpp LT.cpp Out.cpp Parm.cpp SE_Lab17.cpp
         Error.cpp
     1>C:\Из рабочего стола\Labs 3 sem\KPO\SE_Lab17\stdafx.h(8,10): warning C4067: unexpected tokens following preprocessor directive - expected a newline
         (compiling source file 'Error.cpp')
         
         In.cpp
     1>C:\Из рабочего стола\Labs 3 sem\KPO\SE_Lab17\stdafx.h(8,10): warning C4067: unexpected tokens following preprocessor directive - expected a newline
         (compiling source file 'In.cpp')
         
         IT.cpp
         Log.cpp
     1>C:\Из рабочего стола\Labs 3 sem\KPO\SE_Lab17\stdafx.h(8,10): warning C4067: unexpected tokens following preprocessor directive - expected a newline
         (compiling source file 'Log.cpp')
         
         LT.cpp
         Out.cpp
     1>C:\Из рабочего стола\Labs 3 sem\KPO\SE_Lab17\stdafx.h(8,10): warning C4067: unexpected tokens following preprocessor directive - expected a newline
         (compiling source file 'Out.cpp')
         
         Parm.cpp
     1>C:\Из рабочего стола\Labs 3 sem\KPO\SE_Lab17\stdafx.h(8,10): warning C4067: unexpected tokens following preprocessor directive - expected a newline
         (compiling source file 'Parm.cpp')
         
         SE_Lab17.cpp
     1>C:\Из рабочего стола\Labs 3 sem\KPO\SE_Lab17\stdafx.h(8,10): warning C4067: unexpected tokens following preprocessor directive - expected a newline
         (compiling source file 'SE_Lab17.cpp')
         
         Generating Code...
       Link:
         C:\Program Files\Microsoft Visual Studio\2022\Community\VC\Tools\MSVC\14.44.35207\bin\HostX64\x64\link.exe /ERRORREPORT:PROMPT /OUT:"C:\Из рабочего стола\Labs 3 sem\KPO\SE_Lab17\x64\Debug\SE_Lab17.exe" /INCREMENTAL /ILK:"SE_Lab17\x64\Debug\SE_Lab17.ilk" /NOLOGO kernel32.lib user32.lib gdi32.lib winspool.lib comdlg32.lib advapi32.lib shell32.lib ole32.lib oleaut32.lib uuid.lib odbc32.lib odbccp32.lib /MANIFEST /MANIFESTUAC:"level='asInvoker' uiAccess='false'" /manifest:embed /DEBUG /PDB:"C:\Из рабочего стола\Labs 3 sem\KPO\SE_Lab17\x64\Debug\SE_Lab17.pdb" /SUBSYSTEM:CONSOLE /TLBID:1 /DYNAMICBASE /NXCOMPAT /IMPLIB:"C:\Из рабочего стола\Labs 3 sem\KPO\SE_Lab17\x64\Debug\SE_Lab17.lib" /MACHINE:X64 SE_Lab17\x64\Debug\Error.obj
         SE_Lab17\x64\Debug\In.obj
         SE_Lab17\x64\Debug\IT.obj
         SE_Lab17\x64\Debug\Log.obj
         SE_Lab17\x64\Debug\LT.obj
         SE_Lab17\x64\Debug\Out.obj
         SE_Lab17\x64\Debug\Parm.obj
         SE_Lab17\x64\Debug\SE_Lab17.obj
         SE_Lab17.vcxproj -> C:\Из рабочего стола\Labs 3 sem\KPO\SE_Lab17\x64\Debug\SE_Lab17.exe
       FinalizeBuildStatus:
         Deleting file "SE_Lab17\x64\Debug\SE_Lab17.tlog\unsuccessfulbuild".
         Touching "SE_Lab17\x64\Debug\SE_Lab17.tlog\SE_Lab17.lastbuildstate".
     1>Done Building Project "C:\Из рабочего стола\Labs 3 sem\KPO\SE_Lab17\SE_Lab17.vcxproj" (Rebuild target(s)).

Build succeeded.

       "C:\Из рабочего стола\Labs 3 sem\KPO\SE_Lab17\SE_Lab17.vcxproj" (Rebuild target) (1) ->
       (ClCompile target) -> 
         C:\Из рабочего стола\Labs 3 sem\KPO\SE_Lab17\stdafx.h(8,10): warning C4067: unexpected tokens following preprocessor directive - expected a newline
         C:\Из рабочего стола\Labs 3 sem\KPO\SE_Lab17\stdafx.h(8,10): warning C4067: unexpected tokens following preprocessor directive - expected a newline
         C:\Из рабочего стола\Labs 3 sem\KPO\SE_Lab17\stdafx.h(8,10): warning C4067: unexpected tokens following preprocessor directive - expected a newline
         C:\Из рабочего стола\Labs 3 sem\KPO\SE_Lab17\stdafx.h(8,10): warning C4067: unexpected tokens following preprocessor directive - expected a newline
         C:\Из рабочего стола\Labs 3 sem\KPO\SE_Lab17\stdafx.h(8,10): warning C4067: unexpected tokens following preprocessor directive - expected a newline
         C:\Из рабочего стола\Labs 3 sem\KPO\SE_Lab17\stdafx.h(8,10): warning C4067: unexpected tokens following preprocessor directive - expected a newline

    6 Warning(s)
    0 Error(s)

Time Elapsed 00:00:05.89
