c:\из рабочего стола\labs 3 sem\kpo\se_lab17\se_lab17\x64\debug\vc143.pdb
c:\из рабочего стола\labs 3 sem\kpo\se_lab17\se_lab17\x64\debug\vc143.idb
c:\из рабочего стола\labs 3 sem\kpo\se_lab17\se_lab17\x64\debug\se_lab17.obj
c:\из рабочего стола\labs 3 sem\kpo\se_lab17\se_lab17\x64\debug\parm.obj
c:\из рабочего стола\labs 3 sem\kpo\se_lab17\se_lab17\x64\debug\out.obj
c:\из рабочего стола\labs 3 sem\kpo\se_lab17\se_lab17\x64\debug\lt.obj
c:\из рабочего стола\labs 3 sem\kpo\se_lab17\se_lab17\x64\debug\log.obj
c:\из рабочего стола\labs 3 sem\kpo\se_lab17\se_lab17\x64\debug\it.obj
c:\из рабочего стола\labs 3 sem\kpo\se_lab17\se_lab17\x64\debug\in.obj
c:\из рабочего стола\labs 3 sem\kpo\se_lab17\se_lab17\x64\debug\error.obj
c:\из рабочего стола\labs 3 sem\kpo\se_lab17\x64\debug\se_lab17.exe
c:\из рабочего стола\labs 3 sem\kpo\se_lab17\x64\debug\se_lab17.pdb
c:\из рабочего стола\labs 3 sem\kpo\se_lab17\se_lab17\x64\debug\se_lab17.ilk
c:\из рабочего стола\labs 3 sem\kpo\se_lab17\se_lab17\x64\debug\se_lab17.tlog\cl.command.1.tlog
c:\из рабочего стола\labs 3 sem\kpo\se_lab17\se_lab17\x64\debug\se_lab17.tlog\cl.items.tlog
c:\из рабочего стола\labs 3 sem\kpo\se_lab17\se_lab17\x64\debug\se_lab17.tlog\cl.read.1.tlog
c:\из рабочего стола\labs 3 sem\kpo\se_lab17\se_lab17\x64\debug\se_lab17.tlog\cl.write.1.tlog
c:\из рабочего стола\labs 3 sem\kpo\se_lab17\se_lab17\x64\debug\se_lab17.tlog\link.command.1.tlog
c:\из рабочего стола\labs 3 sem\kpo\se_lab17\se_lab17\x64\debug\se_lab17.tlog\link.read.1.tlog
c:\из рабочего стола\labs 3 sem\kpo\se_lab17\se_lab17\x64\debug\se_lab17.tlog\link.secondary.1.tlog
c:\из рабочего стола\labs 3 sem\kpo\se_lab17\se_lab17\x64\debug\se_lab17.tlog\link.write.1.tlog
