Build started 16.09.2025 14:46:09.
Logging verbosity is set to: Normal.     1>Project "C:\Из рабочего стола\Labs 3 sem\CSAN\Lab#2_Server\Lab#2_Server.vcxproj" on node 2 (Build target(s)).
     1>PrepareForBuild:
         Structured output is enabled. The formatting of compiler diagnostics will reflect the error hierarchy. See https://aka.ms/cpp/structured-output for more details.
       InitializeBuildStatus:
         Creating "Lab#2_Server\x64\Debug\Lab#2_Server.tlog\unsuccessfulbuild" because "AlwaysCreate" was specified.
         Touching "Lab#2_Server\x64\Debug\Lab#2_Server.tlog\unsuccessfulbuild".
       ClCompile:
         C:\Program Files\Microsoft Visual Studio\2022\Community\VC\Tools\MSVC\14.44.35207\bin\HostX64\x64\CL.exe /c /ZI /JMC /nologo /W3 /WX- /diagnostics:column /sdl /Od /D _DEBUG /D _CONSOLE /D _UNICODE /D UNICODE /Gm- /EHsc /RTC1 /MDd /GS /fp:precise /Zc:wchar_t /Zc:forScope /Zc:inline /permissive- /Fo"Lab#2_Server\x64\Debug\\" /Fd"Lab#2_Server\x64\Debug\vc143.pdb" /external:W3 /Gd /TP /FC /errorReport:prompt "Lab#2_Server.cpp"
         Lab#2_Server.cpp
     1>C:\Из рабочего стола\Labs 3 sem\CSAN\Lab#2_Server\Lab#2_Server.cpp(55,19): warning C4267: 'initializing': conversion from 'size_t' to 'int', possible loss of data
     1>C:\Из рабочего стола\Labs 3 sem\CSAN\Lab#2_Server\Lab#2_Server.cpp(72,41): warning C4267: 'argument': conversion from 'size_t' to 'int', possible loss of data
       Link:
         C:\Program Files\Microsoft Visual Studio\2022\Community\VC\Tools\MSVC\14.44.35207\bin\HostX64\x64\link.exe /ERRORREPORT:PROMPT /OUT:"C:\Из рабочего стола\Labs 3 sem\CSAN\Lab#2_Server\x64\Debug\Lab#2_Server.exe" /INCREMENTAL /ILK:"Lab#2_Server\x64\Debug\Lab#2_Server.ilk" /NOLOGO kernel32.lib user32.lib gdi32.lib winspool.lib comdlg32.lib advapi32.lib shell32.lib ole32.lib oleaut32.lib uuid.lib odbc32.lib odbccp32.lib /MANIFEST /MANIFESTUAC:"level='asInvoker' uiAccess='false'" /manifest:embed /DEBUG /PDB:"C:\Из рабочего стола\Labs 3 sem\CSAN\Lab#2_Server\x64\Debug\Lab#2_Server.pdb" /SUBSYSTEM:CONSOLE /TLBID:1 /DYNAMICBASE /NXCOMPAT /IMPLIB:"C:\Из рабочего стола\Labs 3 sem\CSAN\Lab#2_Server\x64\Debug\Lab#2_Server.lib" /MACHINE:X64 "Lab#2_Server\x64\Debug\Lab#2_Server.obj"
         Lab#2_Server.vcxproj -> C:\Из рабочего стола\Labs 3 sem\CSAN\Lab#2_Server\x64\Debug\Lab#2_Server.exe
       FinalizeBuildStatus:
         Deleting file "Lab#2_Server\x64\Debug\Lab#2_Server.tlog\unsuccessfulbuild".
         Touching "Lab#2_Server\x64\Debug\Lab#2_Server.tlog\Lab#2_Server.lastbuildstate".
     1>Done Building Project "C:\Из рабочего стола\Labs 3 sem\CSAN\Lab#2_Server\Lab#2_Server.vcxproj" (Build target(s)).

Build succeeded.

       "C:\Из рабочего стола\Labs 3 sem\CSAN\Lab#2_Server\Lab#2_Server.vcxproj" (Build target) (1) ->
       (ClCompile target) -> 
         C:\Из рабочего стола\Labs 3 sem\CSAN\Lab#2_Server\Lab#2_Server.cpp(55,19): warning C4267: 'initializing': conversion from 'size_t' to 'int', possible loss of data
         C:\Из рабочего стола\Labs 3 sem\CSAN\Lab#2_Server\Lab#2_Server.cpp(72,41): warning C4267: 'argument': conversion from 'size_t' to 'int', possible loss of data

    2 Warning(s)
    0 Error(s)

Time Elapsed 00:00:02.03
