Build started 09.09.2025 1:58:54.
Logging verbosity is set to: Normal.     1>Project "C:\Из рабочего стола\Labs 3 sem\CSAN\Lab#1 Client\Lab#1 Client.vcxproj" on node 2 (Build target(s)).
     1>PrepareForBuild:
         Structured output is enabled. The formatting of compiler diagnostics will reflect the error hierarchy. See https://aka.ms/cpp/structured-output for more details.
       InitializeBuildStatus:
         Creating "Lab#1 Client\x64\Debug\Lab#1 Client.tlog\unsuccessfulbuild" because "AlwaysCreate" was specified.
         Touching "Lab#1 Client\x64\Debug\Lab#1 Client.tlog\unsuccessfulbuild".
       ClCompile:
         C:\Program Files\Microsoft Visual Studio\2022\Community\VC\Tools\MSVC\14.43.34808\bin\HostX64\x64\CL.exe /c /ZI /JMC /nologo /W3 /WX- /diagnostics:column /sdl /Od /D _DEBUG /D _CONSOLE /D _UNICODE /D UNICODE /Gm- /EHsc /RTC1 /MDd /GS /fp:precise /Zc:wchar_t /Zc:forScope /Zc:inline /permissive- /Fo"Lab#1 Client\x64\Debug\\" /Fd"Lab#1 Client\x64\Debug\vc143.pdb" /external:W3 /Gd /TP /FC /errorReport:prompt "Lab#1 Client.cpp"
         Lab#1 Client.cpp
       Link:
         C:\Program Files\Microsoft Visual Studio\2022\Community\VC\Tools\MSVC\14.43.34808\bin\HostX64\x64\link.exe /ERRORREPORT:PROMPT /OUT:"C:\Из рабочего стола\Labs 3 sem\CSAN\Lab#1 Client\x64\Debug\Lab#1 Client.exe" /INCREMENTAL /ILK:"Lab#1 Client\x64\Debug\Lab#1 Client.ilk" /NOLOGO kernel32.lib user32.lib gdi32.lib winspool.lib comdlg32.lib advapi32.lib shell32.lib ole32.lib oleaut32.lib uuid.lib odbc32.lib odbccp32.lib /MANIFEST /MANIFESTUAC:"level='asInvoker' uiAccess='false'" /manifest:embed /DEBUG /PDB:"C:\Из рабочего стола\Labs 3 sem\CSAN\Lab#1 Client\x64\Debug\Lab#1 Client.pdb" /SUBSYSTEM:CONSOLE /TLBID:1 /DYNAMICBASE /NXCOMPAT /IMPLIB:"C:\Из рабочего стола\Labs 3 sem\CSAN\Lab#1 Client\x64\Debug\Lab#1 Client.lib" /MACHINE:X64 "Lab#1 Client\x64\Debug\Lab#1 Client.obj"
         Lab#1 Client.vcxproj -> C:\Из рабочего стола\Labs 3 sem\CSAN\Lab#1 Client\x64\Debug\Lab#1 Client.exe
       FinalizeBuildStatus:
         Deleting file "Lab#1 Client\x64\Debug\Lab#1 Client.tlog\unsuccessfulbuild".
         Touching "Lab#1 Client\x64\Debug\Lab#1 Client.tlog\Lab#1 Client.lastbuildstate".
     1>Done Building Project "C:\Из рабочего стола\Labs 3 sem\CSAN\Lab#1 Client\Lab#1 Client.vcxproj" (Build target(s)).

Build succeeded.
    0 Warning(s)
    0 Error(s)

Time Elapsed 00:00:01.64
